2025-08-01 23:43:41.135 [info] Starting Environment refresh
2025-08-01 23:43:41.135 [info] Searching for interpreters in posix paths locator
2025-08-01 23:43:41.135 [info] Searching for pyenv environments
2025-08-01 23:43:41.135 [info] Searching for conda environments
2025-08-01 23:43:41.135 [info] Searching for global virtual environments
2025-08-01 23:43:41.135 [info] Searching for custom virtual environments
2025-08-01 23:43:41.135 [info] pyenv is not installed
2025-08-01 23:43:41.135 [info] Finished searching for pyenv environments: 17 milliseconds
2025-08-01 23:43:41.135 [info] Finished searching for custom virtual envs: 16 milliseconds
2025-08-01 23:43:41.135 [info] > conda info --json
2025-08-01 23:43:41.135 [info] Finished searching for global virtual envs: 47 milliseconds
2025-08-01 23:43:41.135 [info] Found: /bin/python --> /bin/python3.12
2025-08-01 23:43:41.137 [info] Found: /bin/python3 --> /bin/python3.12
2025-08-01 23:43:41.137 [info] Found: /bin/python3.12 --> /bin/python3.12
2025-08-01 23:43:41.162 [info] Found: /usr/bin/python --> /usr/bin/python3.12
2025-08-01 23:43:41.162 [info] Found: /usr/bin/python3 --> /usr/bin/python3.12
2025-08-01 23:43:41.162 [info] Found: /usr/bin/python3.12 --> /usr/bin/python3.12
2025-08-01 23:43:41.240 [info] Finished searching for interpreters in posix paths locator: 147 milliseconds
2025-08-01 23:43:41.240 [info] > /bin/python -I /google/devshell/editor/code-oss-for-cloud-shell/extensions/ms-python.python/python_files/get_output_via_markers.py /google/devshell/editor/code-oss-for-cloud-shell/extensions/ms-python.python/python_files/interpreterInfo.py
2025-08-01 23:43:41.275 [info] > /usr/bin/python -I /google/devshell/editor/code-oss-for-cloud-shell/extensions/ms-python.python/python_files/get_output_via_markers.py /google/devshell/editor/code-oss-for-cloud-shell/extensions/ms-python.python/python_files/interpreterInfo.py
2025-08-01 23:43:41.275 [info] Environments refresh paths discovered (event): 196 milliseconds
2025-08-01 23:43:41.275 [info] Environments refresh paths discovered: 196 milliseconds
2025-08-01 23:43:41.364 [info] Environments refresh finished (event): 285 milliseconds
2025-08-01 23:43:41.375 [info] Environment refresh took 296 milliseconds
2025-08-01 23:43:41.384 [info] Python interpreter path: /bin/python
2025-08-01 23:43:45.050 [info] Starting Jedi language server for default.
