2025-08-02 02:28:15.365 [warning] Dir "/home/daveyjones9672/OpenVoice/.pixi/envs" is not watchable (directory does not exist)
2025-08-02 02:28:15.614 [info] Starting Environment refresh
2025-08-02 02:28:15.657 [info] > hatch env show --json
2025-08-02 02:28:15.657 [info] cwd: .
2025-08-02 02:28:15.661 [info] Python interpreter path: /bin/python
2025-08-02 02:28:21.665 [info] Starting Environment refresh
2025-08-02 02:28:21.815 [info] > /bin/python -I /google/devshell/editor/code-oss-for-cloud-shell/extensions/ms-python.python/python_files/get_output_via_markers.py /google/devshell/editor/code-oss-for-cloud-shell/extensions/ms-python.python/python_files/interpreterInfo.py
2025-08-02 02:28:21.932 [info] > ./venv/bin/python -I /google/devshell/editor/code-oss-for-cloud-shell/extensions/ms-python.python/python_files/get_output_via_markers.py /google/devshell/editor/code-oss-for-cloud-shell/extensions/ms-python.python/python_files/interpreterInfo.py
2025-08-02 02:28:21.932 [info] Environments refresh paths discovered: 6320 milliseconds
2025-08-02 02:28:21.932 [info] Environments refresh paths discovered: 268 milliseconds
2025-08-02 02:28:21.938 [error] [Error: Command failed: /home/daveyjones9672/OpenVoice/venv/bin/python -I /google/devshell/editor/code-oss-for-cloud-shell/extensions/ms-python.python/python_files/get_output_via_markers.py /google/devshell/editor/code-oss-for-cloud-shell/extensions/ms-python.python/python_files/interpreterInfo.py
/bin/sh: line 1: /home/daveyjones9672/OpenVoice/venv/bin/python: No such file or directory

	at genericNodeError (node:internal/errors:984:15)
	at wrappedFn (node:internal/errors:538:14)
	at ChildProcess.exithandler (node:child_process:422:12)
	at ChildProcess.emit (node:events:530:35)
	at maybeClose (node:internal/child_process:1104:16)
	at Socket.<anonymous> (node:internal/child_process:456:11)
	at Socket.emit (node:events:518:28)
	at Pipe.<anonymous> (node:net:343:12)] {
  code: 127,
  killed: false,
  signal: null,
  cmd: '/home/daveyjones9672/OpenVoice/venv/bin/python -I /google/devshell/editor/code-oss-for-cloud-shell/extensions/ms-python.python/python_files/get_output_via_markers.py /google/devshell/editor/code-oss-for-cloud-shell/extensions/ms-python.python/python_files/interpreterInfo.py'
}
2025-08-02 02:28:24.386 [info] > ./venv/bin/python -I /google/devshell/editor/code-oss-for-cloud-shell/extensions/ms-python.python/python_files/get_output_via_markers.py /google/devshell/editor/code-oss-for-cloud-shell/extensions/ms-python.python/python_files/interpreterInfo.py
2025-08-02 02:28:24.437 [error] [Error: Command failed: /home/daveyjones9672/OpenVoice/venv/bin/python -I /google/devshell/editor/code-oss-for-cloud-shell/extensions/ms-python.python/python_files/get_output_via_markers.py /google/devshell/editor/code-oss-for-cloud-shell/extensions/ms-python.python/python_files/interpreterInfo.py
/bin/sh: line 1: /home/daveyjones9672/OpenVoice/venv/bin/python: No such file or directory

	at genericNodeError (node:internal/errors:984:15)
	at wrappedFn (node:internal/errors:538:14)
	at ChildProcess.exithandler (node:child_process:422:12)
	at ChildProcess.emit (node:events:530:35)
	at maybeClose (node:internal/child_process:1104:16)
	at Socket.<anonymous> (node:internal/child_process:456:11)
	at Socket.emit (node:events:518:28)
	at Pipe.<anonymous> (node:net:343:12)] {
  code: 127,
  killed: false,
  signal: null,
  cmd: '/home/daveyjones9672/OpenVoice/venv/bin/python -I /google/devshell/editor/code-oss-for-cloud-shell/extensions/ms-python.python/python_files/get_output_via_markers.py /google/devshell/editor/code-oss-for-cloud-shell/extensions/ms-python.python/python_files/interpreterInfo.py'
}
2025-08-02 02:28:24.438 [info] Environments refresh finished (event): 8826 milliseconds
2025-08-02 02:28:24.439 [info] Environments refresh finished (event): 2774 milliseconds
2025-08-02 02:28:24.445 [info] Environment refresh took 8834 milliseconds
2025-08-02 02:28:24.449 [info] Environment refresh took 2785 milliseconds
2025-08-02 02:28:24.462 [info] > pyenv which python
2025-08-02 02:28:24.462 [info] cwd: .
2025-08-02 02:28:43.912 [info] Starting Jedi language server for OpenVoice.
